빌드 시작: 2016-05-16 오후 3:48:42
     1>2 노드의 "c:\Users\administrator.d45.007\documents\visual studio 2010\Projects\DS 18\1\1.vcxproj" 프로젝트(build 대상)입니다.
     1>InitializeBuildStatus:
         "AlwaysCreate"이(가) 지정되었기 때문에 "Debug\1.unsuccessfulbuild"을(를) 만들고 있습니다.
       ClCompile:
         C:\Program Files\Microsoft Visual Studio 10.0\VC\bin\CL.exe /c /ZI /nologo /W3 /WX- /Od /Oy- /D WIN32 /D _DEBUG /D _CONSOLE /D _UNICODE /D UNICODE /Gm /EHsc /RTC1 /MDd /GS /fp:precise /Zc:wchar_t /Zc:forScope /Fo"Debug\\" /Fd"Debug\vc100.pdb" /Gd /TC /analyze- /errorReport:prompt 1.c
         1.c
     1>c:\users\administrator.d45.007\documents\visual studio 2010\projects\ds 18\1\1.c(40): warning C4996: 'fopen': This function or variable may be unsafe. Consider using fopen_s instead. To disable deprecation, use _CRT_SECURE_NO_WARNINGS. See online help for details.
                 c:\program files\microsoft visual studio 10.0\vc\include\stdio.h(234) : 'fopen' 선언을 참조하십시오.
     1>c:\users\administrator.d45.007\documents\visual studio 2010\projects\ds 18\1\1.c(42): warning C4996: 'fscanf': This function or variable may be unsafe. Consider using fscanf_s instead. To disable deprecation, use _CRT_SECURE_NO_WARNINGS. See online help for details.
                 c:\program files\microsoft visual studio 10.0\vc\include\stdio.h(253) : 'fscanf' 선언을 참조하십시오.
     1>c:\users\administrator.d45.007\documents\visual studio 2010\projects\ds 18\1\1.c(54): warning C4996: 'fscanf': This function or variable may be unsafe. Consider using fscanf_s instead. To disable deprecation, use _CRT_SECURE_NO_WARNINGS. See online help for details.
                 c:\program files\microsoft visual studio 10.0\vc\include\stdio.h(253) : 'fscanf' 선언을 참조하십시오.
     1>c:\users\administrator.d45.007\documents\visual studio 2010\projects\ds 18\1\1.c(57): warning C4013: 'malloc'이(가) 정의되지 않았습니다. extern은 int형을 반환하는 것으로 간주합니다.
     1>c:\users\administrator.d45.007\documents\visual studio 2010\projects\ds 18\1\1.c(57): warning C4047: '=' : 'listPointer'의 간접 참조 수준이 'int'과(와) 다릅니다.
     1>c:\users\administrator.d45.007\documents\visual studio 2010\projects\ds 18\1\1.c(63): warning C4047: '=' : 'listPointer'의 간접 참조 수준이 'int'과(와) 다릅니다.
     1>c:\users\administrator.d45.007\documents\visual studio 2010\projects\ds 18\1\1.c(73): warning C4047: '=' : 'listPointer'의 간접 참조 수준이 'int'과(와) 다릅니다.
     1>c:\users\administrator.d45.007\documents\visual studio 2010\projects\ds 18\1\1.c(79): warning C4047: '=' : 'listPointer'의 간접 참조 수준이 'int'과(와) 다릅니다.
       ManifestResourceCompile:
         모든 출력이 최신 상태입니다.
       Link:
         C:\Program Files\Microsoft Visual Studio 10.0\VC\bin\link.exe /ERRORREPORT:PROMPT /OUT:"c:\users\administrator.d45.007\documents\visual studio 2010\Projects\DS 18\Debug\1.exe" /INCREMENTAL /NOLOGO kernel32.lib user32.lib gdi32.lib winspool.lib comdlg32.lib advapi32.lib shell32.lib ole32.lib oleaut32.lib uuid.lib odbc32.lib odbccp32.lib /MANIFEST /ManifestFile:"Debug\1.exe.intermediate.manifest" /MANIFESTUAC:"level='asInvoker' uiAccess='false'" /DEBUG /PDB:"c:\users\administrator.d45.007\documents\visual studio 2010\Projects\DS 18\Debug\1.pdb" /SUBSYSTEM:CONSOLE /TLBID:1 /DYNAMICBASE /NXCOMPAT /IMPLIB:"c:\users\administrator.d45.007\documents\visual studio 2010\Projects\DS 18\Debug\1.lib" /MACHINE:X86 Debug\1.exe.embed.manifest.res
         Debug\1.obj
       Manifest:
         C:\Program Files\Microsoft SDKs\Windows\v7.0A\bin\mt.exe /nologo /verbose /out:"Debug\1.exe.embed.manifest" /manifest Debug\1.exe.intermediate.manifest
         모든 출력이 최신 상태입니다.
       LinkEmbedManifest:
         모든 출력이 최신 상태입니다.
         1.vcxproj -> c:\users\administrator.d45.007\documents\visual studio 2010\Projects\DS 18\Debug\1.exe
       FinalizeBuildStatus:
         "Debug\1.unsuccessfulbuild" 파일을 삭제하고 있습니다.
         "Debug\1.lastbuildstate"에 연결(touching)하고 있습니다.
     1>"c:\Users\administrator.d45.007\documents\visual studio 2010\Projects\DS 18\1\1.vcxproj" 프로젝트를 빌드했습니다(build 대상).

빌드했습니다.

경과 시간: 00:00:00.23
