빌드 시작: 2016-04-18 오전 3:20:58
     1>2 노드의 "H:\수업\2-1\자료구조2\ds01\DS 06\3\3.vcxproj" 프로젝트(build 대상)입니다.
     1>InitializeBuildStatus:
         "AlwaysCreate"이(가) 지정되었기 때문에 "Debug\3.unsuccessfulbuild"을(를) 만들고 있습니다.
       ClCompile:
         C:\Program Files (x86)\Microsoft Visual Studio 10.0\VC\bin\CL.exe /c /ZI /nologo /W3 /WX- /Od /Oy- /D WIN32 /D _DEBUG /D _CONSOLE /D _UNICODE /D UNICODE /Gm /EHsc /RTC1 /MDd /GS /fp:precise /Zc:wchar_t /Zc:forScope /Fo"Debug\\" /Fd"Debug\vc100.pdb" /Gd /TC /analyze- /errorReport:prompt 3.c
         3.c
     1>h:\수업\2-1\자료구조2\ds01\ds 06\3\3.c(44): warning C4101: 'item' :참조되지 않은 지역 변수입니다.
     1>h:\수업\2-1\자료구조2\ds01\ds 06\3\3.c(121): warning C4996: 'scanf': This function or variable may be unsafe. Consider using scanf_s instead. To disable deprecation, use _CRT_SECURE_NO_WARNINGS. See online help for details.
                 c:\program files (x86)\microsoft visual studio 10.0\vc\include\stdio.h(304) : 'scanf' 선언을 참조하십시오.
     1>h:\수업\2-1\자료구조2\ds01\ds 06\3\3.c(124): warning C4996: 'scanf': This function or variable may be unsafe. Consider using scanf_s instead. To disable deprecation, use _CRT_SECURE_NO_WARNINGS. See online help for details.
                 c:\program files (x86)\microsoft visual studio 10.0\vc\include\stdio.h(304) : 'scanf' 선언을 참조하십시오.
       ManifestResourceCompile:
         모든 출력이 최신 상태입니다.
       Link:
         C:\Program Files (x86)\Microsoft Visual Studio 10.0\VC\bin\link.exe /ERRORREPORT:PROMPT /OUT:"H:\수업\2-1\자료구조2\ds01\DS 06\Debug\3.exe" /INCREMENTAL /NOLOGO kernel32.lib user32.lib gdi32.lib winspool.lib comdlg32.lib advapi32.lib shell32.lib ole32.lib oleaut32.lib uuid.lib odbc32.lib odbccp32.lib /MANIFEST /ManifestFile:"Debug\3.exe.intermediate.manifest" /MANIFESTUAC:"level='asInvoker' uiAccess='false'" /DEBUG /PDB:"H:\수업\2-1\자료구조2\ds01\DS 06\Debug\3.pdb" /SUBSYSTEM:CONSOLE /TLBID:1 /DYNAMICBASE /NXCOMPAT /IMPLIB:"H:\수업\2-1\자료구조2\ds01\DS 06\Debug\3.lib" /MACHINE:X86 Debug\3.exe.embed.manifest.res
         Debug\3.obj
       Manifest:
         c:\Program Files (x86)\Microsoft SDKs\Windows\v7.0A\bin\mt.exe /nologo /verbose /out:"Debug\3.exe.embed.manifest" /manifest Debug\3.exe.intermediate.manifest
         모든 출력이 최신 상태입니다.
       LinkEmbedManifest:
         모든 출력이 최신 상태입니다.
         3.vcxproj -> H:\수업\2-1\자료구조2\ds01\DS 06\Debug\3.exe
       FinalizeBuildStatus:
         "Debug\3.unsuccessfulbuild" 파일을 삭제하고 있습니다.
         "Debug\3.lastbuildstate"에 연결(touching)하고 있습니다.
     1>"H:\수업\2-1\자료구조2\ds01\DS 06\3\3.vcxproj" 프로젝트를 빌드했습니다(build 대상).

빌드했습니다.

경과 시간: 00:00:01.11
