빌드 시작: 2016-04-13 오후 10:43:09
     1>2 노드의 "C:\Users\용호\Desktop\DS _HW1\1\1.vcxproj" 프로젝트(build 대상)입니다.
     1>InitializeBuildStatus:
         "AlwaysCreate"이(가) 지정되었기 때문에 "Debug\1.unsuccessfulbuild"을(를) 만들고 있습니다.
       ClCompile:
         C:\Program Files (x86)\Microsoft Visual Studio 10.0\VC\bin\CL.exe /c /ZI /nologo /W3 /WX- /Od /Oy- /D WIN32 /D _DEBUG /D _CONSOLE /D _UNICODE /D UNICODE /Gm /EHsc /RTC1 /MDd /GS /fp:precise /Zc:wchar_t /Zc:forScope /Fo"Debug\\" /Fd"Debug\vc100.pdb" /Gd /TC /analyze- /errorReport:prompt 1.C
         1.C
     1>c:\users\용호\desktop\ds _hw1\1\1.c(62): warning C4996: 'fopen': This function or variable may be unsafe. Consider using fopen_s instead. To disable deprecation, use _CRT_SECURE_NO_WARNINGS. See online help for details.
                 c:\program files (x86)\microsoft visual studio 10.0\vc\include\stdio.h(234) : 'fopen' 선언을 참조하십시오.
     1>c:\users\용호\desktop\ds _hw1\1\1.c(65): warning C4996: 'fscanf': This function or variable may be unsafe. Consider using fscanf_s instead. To disable deprecation, use _CRT_SECURE_NO_WARNINGS. See online help for details.
                 c:\program files (x86)\microsoft visual studio 10.0\vc\include\stdio.h(253) : 'fscanf' 선언을 참조하십시오.
     1>c:\users\용호\desktop\ds _hw1\1\1.c(68): warning C4996: 'fscanf': This function or variable may be unsafe. Consider using fscanf_s instead. To disable deprecation, use _CRT_SECURE_NO_WARNINGS. See online help for details.
                 c:\program files (x86)\microsoft visual studio 10.0\vc\include\stdio.h(253) : 'fscanf' 선언을 참조하십시오.
     1>c:\users\용호\desktop\ds _hw1\1\1.c(71): warning C4996: 'fscanf': This function or variable may be unsafe. Consider using fscanf_s instead. To disable deprecation, use _CRT_SECURE_NO_WARNINGS. See online help for details.
                 c:\program files (x86)\microsoft visual studio 10.0\vc\include\stdio.h(253) : 'fscanf' 선언을 참조하십시오.
     1>c:\users\용호\desktop\ds _hw1\1\1.c(73): warning C4996: 'fscanf': This function or variable may be unsafe. Consider using fscanf_s instead. To disable deprecation, use _CRT_SECURE_NO_WARNINGS. See online help for details.
                 c:\program files (x86)\microsoft visual studio 10.0\vc\include\stdio.h(253) : 'fscanf' 선언을 참조하십시오.
     1>c:\users\용호\desktop\ds _hw1\1\1.c(161): warning C4244: '함수' : 'float'에서 'int'(으)로 변환하면서 데이터가 손실될 수 있습니다.
       ManifestResourceCompile:
         모든 출력이 최신 상태입니다.
       Link:
         C:\Program Files (x86)\Microsoft Visual Studio 10.0\VC\bin\link.exe /ERRORREPORT:PROMPT /OUT:"C:\Users\용호\Desktop\DS _HW1\Debug\1.exe" /INCREMENTAL /NOLOGO kernel32.lib user32.lib gdi32.lib winspool.lib comdlg32.lib advapi32.lib shell32.lib ole32.lib oleaut32.lib uuid.lib odbc32.lib odbccp32.lib /MANIFEST /ManifestFile:"Debug\1.exe.intermediate.manifest" /MANIFESTUAC:"level='asInvoker' uiAccess='false'" /DEBUG /PDB:"C:\Users\용호\Desktop\DS _HW1\Debug\1.pdb" /SUBSYSTEM:CONSOLE /TLBID:1 /DYNAMICBASE /NXCOMPAT /IMPLIB:"C:\Users\용호\Desktop\DS _HW1\Debug\1.lib" /MACHINE:X86 Debug\1.exe.embed.manifest.res
         Debug\1.obj
       Manifest:
         c:\Program Files (x86)\Microsoft SDKs\Windows\v7.0A\bin\mt.exe /nologo /verbose /out:"Debug\1.exe.embed.manifest" /manifest Debug\1.exe.intermediate.manifest
         모든 출력이 최신 상태입니다.
       LinkEmbedManifest:
         모든 출력이 최신 상태입니다.
         1.vcxproj -> C:\Users\용호\Desktop\DS _HW1\Debug\1.exe
       FinalizeBuildStatus:
         "Debug\1.unsuccessfulbuild" 파일을 삭제하고 있습니다.
         "Debug\1.lastbuildstate"에 연결(touching)하고 있습니다.
     1>"C:\Users\용호\Desktop\DS _HW1\1\1.vcxproj" 프로젝트를 빌드했습니다(build 대상).

빌드했습니다.

경과 시간: 00:00:00.80
