빌드 시작: 2016-03-02 오후 4:49:21
     1>2 노드의 "c:\Users\administrator.d31.006\documents\visual studio 2010\Projects\DS 01\6-2\6-2.vcxproj" 프로젝트(build 대상)입니다.
     1>InitializeBuildStatus:
         "Debug\6-2.unsuccessfulbuild"에 연결(touching)하고 있습니다.
       ClCompile:
         C:\Program Files\Microsoft Visual Studio 10.0\VC\bin\CL.exe /c /ZI /nologo /W3 /WX- /Od /Oy- /D WIN32 /D _DEBUG /D _CONSOLE /D _UNICODE /D UNICODE /Gm /EHsc /RTC1 /MDd /GS /fp:precise /Zc:wchar_t /Zc:forScope /Fo"Debug\\" /Fd"Debug\vc100.pdb" /Gd /TC /analyze- /errorReport:prompt "6-2.c"
         6-2.c
     1>c:\users\administrator.d31.006\documents\visual studio 2010\projects\ds 01\6-2\6-2.c(20): warning C4305: '=' : 'double'에서 'float'(으)로 잘립니다.
     1>c:\users\administrator.d31.006\documents\visual studio 2010\projects\ds 01\6-2\6-2.c(14): warning C4101: 'i' :참조되지 않은 지역 변수입니다.
     1>c:\users\administrator.d31.006\documents\visual studio 2010\projects\ds 01\6-2\6-2.c(15): warning C4101: 'f' :참조되지 않은 지역 변수입니다.
       ManifestResourceCompile:
         C:\Program Files\Microsoft SDKs\Windows\v7.0A\bin\rc.exe /nologo /fo"Debug\6-2.exe.embed.manifest.res" Debug\6-2_manifest.rc 
       Link:
         C:\Program Files\Microsoft Visual Studio 10.0\VC\bin\link.exe /ERRORREPORT:PROMPT /OUT:"c:\users\administrator.d31.006\documents\visual studio 2010\Projects\DS 01\Debug\6-2.exe" /INCREMENTAL /NOLOGO kernel32.lib user32.lib gdi32.lib winspool.lib comdlg32.lib advapi32.lib shell32.lib ole32.lib oleaut32.lib uuid.lib odbc32.lib odbccp32.lib /MANIFEST /ManifestFile:"Debug\6-2.exe.intermediate.manifest" /MANIFESTUAC:"level='asInvoker' uiAccess='false'" /DEBUG /PDB:"c:\users\administrator.d31.006\documents\visual studio 2010\Projects\DS 01\Debug\6-2.pdb" /SUBSYSTEM:CONSOLE /TLBID:1 /DYNAMICBASE /NXCOMPAT /IMPLIB:"c:\users\administrator.d31.006\documents\visual studio 2010\Projects\DS 01\Debug\6-2.lib" /MACHINE:X86 "Debug\6-2.exe.embed.manifest.res"
         "Debug\6-2.obj"
       Manifest:
         C:\Program Files\Microsoft SDKs\Windows\v7.0A\bin\mt.exe /nologo /verbose /out:"Debug\6-2.exe.embed.manifest" /manifest "Debug\6-2.exe.intermediate.manifest"
         C:\Program Files\Microsoft SDKs\Windows\v7.0A\bin\rc.exe /nologo /fo"Debug\6-2.exe.embed.manifest.res" Debug\6-2_manifest.rc 
       LinkEmbedManifest:
         C:\Program Files\Microsoft Visual Studio 10.0\VC\bin\link.exe /ERRORREPORT:PROMPT /OUT:"c:\users\administrator.d31.006\documents\visual studio 2010\Projects\DS 01\Debug\6-2.exe" /INCREMENTAL /NOLOGO kernel32.lib user32.lib gdi32.lib winspool.lib comdlg32.lib advapi32.lib shell32.lib ole32.lib oleaut32.lib uuid.lib odbc32.lib odbccp32.lib /MANIFEST /ManifestFile:"Debug\6-2.exe.intermediate.manifest" /MANIFESTUAC:"level='asInvoker' uiAccess='false'" /DEBUG /PDB:"c:\users\administrator.d31.006\documents\visual studio 2010\Projects\DS 01\Debug\6-2.pdb" /SUBSYSTEM:CONSOLE /TLBID:1 /DYNAMICBASE /NXCOMPAT /IMPLIB:"c:\users\administrator.d31.006\documents\visual studio 2010\Projects\DS 01\Debug\6-2.lib" /MACHINE:X86 "Debug\6-2.exe.embed.manifest.res"
         "Debug\6-2.obj"
         6-2.vcxproj -> c:\users\administrator.d31.006\documents\visual studio 2010\Projects\DS 01\Debug\6-2.exe
       FinalizeBuildStatus:
         "Debug\6-2.unsuccessfulbuild" 파일을 삭제하고 있습니다.
         "Debug\6-2.lastbuildstate"에 연결(touching)하고 있습니다.
     1>"c:\Users\administrator.d31.006\documents\visual studio 2010\Projects\DS 01\6-2\6-2.vcxproj" 프로젝트를 빌드했습니다(build 대상).

빌드했습니다.

경과 시간: 00:00:00.79
