빌드 시작: 2016-03-16 오후 5:25:43
     1>2 노드의 "C:\Users\baisc\Desktop\실습\DS 04\3\3.vcxproj" 프로젝트(build 대상)입니다.
     1>InitializeBuildStatus:
         "AlwaysCreate"이(가) 지정되었기 때문에 "Debug\3.unsuccessfulbuild"을(를) 만들고 있습니다.
       ClCompile:
         C:\Program Files\Microsoft Visual Studio 10.0\VC\bin\CL.exe /c /ZI /nologo /W3 /WX- /Od /Oy- /D WIN32 /D _DEBUG /D _CONSOLE /D _UNICODE /D UNICODE /Gm /EHsc /RTC1 /MDd /GS /fp:precise /Zc:wchar_t /Zc:forScope /Fo"Debug\\" /Fd"Debug\vc100.pdb" /Gd /TC /analyze- /errorReport:prompt 3.c
         3.c
     1>c:\users\baisc\desktop\실습\ds 04\3\3.c(44): warning C4101: 'c' :참조되지 않은 지역 변수입니다.
     1>c:\users\baisc\desktop\실습\ds 04\3\3.c(73): warning C4996: 'scanf': This function or variable may be unsafe. Consider using scanf_s instead. To disable deprecation, use _CRT_SECURE_NO_WARNINGS. See online help for details.
                 c:\program files\microsoft visual studio 10.0\vc\include\stdio.h(304) : 'scanf' 선언을 참조하십시오.
       Link:
         C:\Program Files\Microsoft Visual Studio 10.0\VC\bin\link.exe /ERRORREPORT:PROMPT /OUT:"C:\Users\baisc\Desktop\실습\DS 04\Debug\3.exe" /INCREMENTAL /NOLOGO kernel32.lib user32.lib gdi32.lib winspool.lib comdlg32.lib advapi32.lib shell32.lib ole32.lib oleaut32.lib uuid.lib odbc32.lib odbccp32.lib /MANIFEST /ManifestFile:"Debug\3.exe.intermediate.manifest" /MANIFESTUAC:"level='asInvoker' uiAccess='false'" /DEBUG /PDB:"C:\Users\baisc\Desktop\실습\DS 04\Debug\3.pdb" /SUBSYSTEM:CONSOLE /TLBID:1 /DYNAMICBASE /NXCOMPAT /IMPLIB:"C:\Users\baisc\Desktop\실습\DS 04\Debug\3.lib" /MACHINE:X86 Debug\3.obj
         3.vcxproj -> C:\Users\baisc\Desktop\실습\DS 04\Debug\3.exe
       Manifest:
         C:\Program Files\Microsoft SDKs\Windows\v7.0A\bin\mt.exe /nologo /verbose /out:"C:\Users\baisc\Desktop\실습\DS 04\Debug\3.exe.manifest" /manifest Debug\3.exe.intermediate.manifest
       FinalizeBuildStatus:
         "Debug\3.unsuccessfulbuild" 파일을 삭제하고 있습니다.
         "Debug\3.lastbuildstate"에 연결(touching)하고 있습니다.
     1>"C:\Users\baisc\Desktop\실습\DS 04\3\3.vcxproj" 프로젝트를 빌드했습니다(build 대상).

빌드했습니다.

경과 시간: 00:00:00.32
